<?xml version="1.0" encoding="utf-8"?><testsuites name="pytest tests"><testsuite name="pytest" errors="0" failures="0" skipped="0" tests="25" time="2.137" timestamp="2026-04-26T22:27:45.490890+00:00" hostname="agent-env-1f703544-0f5b-4bc9-8265-e882b2df78d6"><testcase classname="backend.tests.test_delivery_tracker" name="test_root" time="0.528" /><testcase classname="backend.tests.test_delivery_tracker" name="test_import_csv_summary" time="0.000" /><testcase classname="backend.tests.test_delivery_tracker" name="test_import_wrong_extension" time="0.047" /><testcase classname="backend.tests.test_delivery_tracker" name="test_import_empty_body" time="0.045" /><testcase classname="backend.tests.test_delivery_tracker" name="test_import_headers_only" time="0.099" /><testcase classname="backend.tests.test_delivery_tracker" name="test_dashboard_stats" time="0.050" /><testcase classname="backend.tests.test_delivery_tracker" name="test_by_carrier" time="0.054" /><testcase classname="backend.tests.test_delivery_tracker" name="test_orders_default" time="0.074" /><testcase classname="backend.tests.test_delivery_tracker" name="test_orders_late_only" time="0.054" /><testcase classname="backend.tests.test_delivery_tracker" name="test_orders_filters_options" time="0.050" /><testcase classname="backend.tests.test_delivery_tracker" name="test_orders_filter_by_forma_envio" time="0.111" /><testcase classname="backend.tests.test_delivery_tracker" name="test_orders_search_q" time="0.052" /><testcase classname="backend.tests.test_delivery_tracker" name="test_orders_pagination" time="0.095" /><testcase classname="backend.tests.test_delivery_tracker" name="test_late_highlights" time="0.051" /><testcase classname="backend.tests.test_delivery_tracker" name="test_report_late_csv" time="0.052" /><testcase classname="backend.tests.test_delivery_tracker" name="test_ticket_create" time="0.137" /><testcase classname="backend.tests.test_delivery_tracker" name="test_ticket_duplicate_409" time="0.047" /><testcase classname="backend.tests.test_delivery_tracker" name="test_ticket_create_unknown_order" time="0.045" /><testcase classname="backend.tests.test_delivery_tracker" name="test_ticket_list_and_filter" time="0.090" /><testcase classname="backend.tests.test_delivery_tracker" name="test_ticket_patch_invalid_status" time="0.048" /><testcase classname="backend.tests.test_delivery_tracker" name="test_ticket_patch_valid" time="0.046" /><testcase classname="backend.tests.test_delivery_tracker" name="test_ticket_delete_404" time="0.046" /><testcase classname="backend.tests.test_delivery_tracker" name="test_ticket_delete_valid" time="0.044" /><testcase classname="backend.tests.test_delivery_tracker" name="test_late_detection_logic" time="0.057" /><testcase classname="backend.tests.test_delivery_tracker" name="test_zz_clear_data" time="0.104" /></testsuite></testsuites>